2026-06-16 16:09:05.981 +05:30 [INF] User profile is available. Using 'C:\Users\famie\AppData\Local\ASP.NET\DataProtection-Keys' as key repository and Windows DPAPI to encrypt keys at rest.
2026-06-16 16:09:06.229 +05:30 [INF] Creating key {1753172d-ade1-4a3d-98bb-b7e0f3818975} with creation date 2026-06-16 10:39:06Z, activation date 2026-06-16 10:39:06Z, and expiration date 2026-09-14 10:39:06Z.
2026-06-16 16:09:06.329 +05:30 [INF] Writing data to file 'C:\Users\famie\AppData\Local\ASP.NET\DataProtection-Keys\key-1753172d-ade1-4a3d-98bb-b7e0f3818975.xml'.
2026-06-16 16:09:07.273 +05:30 [INF] Now listening on: https://localhost:7108
2026-06-16 16:09:07.280 +05:30 [INF] Now listening on: http://localhost:5046
2026-06-16 16:09:07.443 +05:30 [INF] Application started. Press Ctrl+C to shut down.
2026-06-16 16:09:07.463 +05:30 [INF] Hosting environment: Development
2026-06-16 16:09:07.475 +05:30 [INF] Content root path: C:\Users\famie\OneDrive\Desktop\HEXAWARE TRAINING\VISUAL STUDIO\CaseStudy\AssetManagement\AssetManagement.API
2026-06-16 16:09:45.049 +05:30 [INF] User profile is available. Using 'C:\Users\famie\AppData\Local\ASP.NET\DataProtection-Keys' as key repository and Windows DPAPI to encrypt keys at rest.
2026-06-16 16:09:46.792 +05:30 [INF] Now listening on: https://localhost:7108
2026-06-16 16:09:46.830 +05:30 [INF] Now listening on: http://localhost:5046
2026-06-16 16:09:47.111 +05:30 [INF] Application started. Press Ctrl+C to shut down.
2026-06-16 16:09:47.150 +05:30 [INF] Hosting environment: Development
2026-06-16 16:09:47.207 +05:30 [INF] Content root path: C:\Users\famie\OneDrive\Desktop\HEXAWARE TRAINING\VISUAL STUDIO\CaseStudy\AssetManagement\AssetManagement.API
2026-06-16 16:11:30.297 +05:30 [INF] Request starting HTTP/2 GET https://localhost:7108/ - null null
2026-06-16 16:11:31.190 +05:30 [INF] HTTP GET / responded 404 in 261.5650 ms
2026-06-16 16:11:31.224 +05:30 [INF] Request finished HTTP/2 GET https://localhost:7108/ - 404 null null 956.1887ms
2026-06-16 16:11:31.249 +05:30 [INF] Request reached the end of the middleware pipeline without being handled by application code. Request path: GET https://localhost:7108/, Response status code: 404
2026-06-16 16:11:32.971 +05:30 [INF] Request starting HTTP/2 GET https://localhost:7108/ - null null
2026-06-16 16:11:32.995 +05:30 [INF] HTTP GET / responded 404 in 1.2163 ms
2026-06-16 16:11:33.008 +05:30 [INF] Request finished HTTP/2 GET https://localhost:7108/ - 404 null null 36.7219ms
2026-06-16 16:11:33.024 +05:30 [INF] Request reached the end of the middleware pipeline without being handled by application code. Request path: GET https://localhost:7108/, Response status code: 404
2026-06-16 16:11:33.896 +05:30 [INF] Request starting HTTP/2 GET https://localhost:7108/ - null null
2026-06-16 16:11:33.941 +05:30 [INF] HTTP GET / responded 404 in 13.9217 ms
2026-06-16 16:11:33.961 +05:30 [INF] Request finished HTTP/2 GET https://localhost:7108/ - 404 null null 64.567ms
2026-06-16 16:11:33.983 +05:30 [INF] Request reached the end of the middleware pipeline without being handled by application code. Request path: GET https://localhost:7108/, Response status code: 404
2026-06-16 16:12:02.401 +05:30 [INF] Request starting HTTP/2 GET https://localhost:7108/scalar/v1 - null null
2026-06-16 16:12:02.471 +05:30 [INF] Executing endpoint 'HTTP: GET /scalar/{documentName?}'
2026-06-16 16:12:03.143 +05:30 [INF] Write content with HTTP Response ContentType of text/html
2026-06-16 16:12:03.209 +05:30 [INF] Executed endpoint 'HTTP: GET /scalar/{documentName?}'
2026-06-16 16:12:03.294 +05:30 [INF] HTTP GET /scalar/v1 responded 200 in 831.9088 ms
2026-06-16 16:12:03.241 +05:30 [INF] Request starting HTTP/2 GET https://localhost:7108/scalar/scalar.aspnetcore.js - null null
2026-06-16 16:12:03.240 +05:30 [INF] Request starting HTTP/2 GET https://localhost:7108/scalar/scalar.js - null null
2026-06-16 16:12:03.293 +05:30 [INF] Request starting HTTP/2 GET https://localhost:7108/_vs/browserLink - null null
2026-06-16 16:12:03.329 +05:30 [INF] Request finished HTTP/2 GET https://localhost:7108/scalar/v1 - 200 null text/html 928.1025ms
2026-06-16 16:12:03.241 +05:30 [INF] Request starting HTTP/2 GET https://localhost:7108/_framework/aspnetcore-browser-refresh.js - null null
2026-06-16 16:12:03.407 +05:30 [INF] Executing endpoint 'HTTP: GET /scalar/scalar.js'
2026-06-16 16:12:03.403 +05:30 [INF] CORS policy execution failed.
2026-06-16 16:12:03.493 +05:30 [INF] Request origin https://localhost:7108 does not have permission to access the resource.
2026-06-16 16:12:03.531 +05:30 [INF] Request finished HTTP/2 GET https://localhost:7108/_framework/aspnetcore-browser-refresh.js - 200 14943 application/javascript; charset=utf-8 287.2848ms
2026-06-16 16:12:03.554 +05:30 [INF] Executing endpoint 'HTTP: GET /scalar/scalar.aspnetcore.js'
2026-06-16 16:12:03.555 +05:30 [INF] Sending file with download name ''.
2026-06-16 16:12:03.632 +05:30 [INF] Sending file with download name ''.
2026-06-16 16:12:03.686 +05:30 [INF] Executed endpoint 'HTTP: GET /scalar/scalar.aspnetcore.js'
2026-06-16 16:12:03.731 +05:30 [INF] HTTP GET /scalar/scalar.aspnetcore.js responded 200 in 343.5205 ms
2026-06-16 16:12:03.747 +05:30 [INF] Request finished HTTP/2 GET https://localhost:7108/scalar/scalar.aspnetcore.js - 200 1111 text/javascript 506.3228ms
2026-06-16 16:12:03.786 +05:30 [INF] Request finished HTTP/2 GET https://localhost:7108/_vs/browserLink - 200 null text/javascript; charset=UTF-8 495.0168ms
2026-06-16 16:12:03.789 +05:30 [INF] Executed endpoint 'HTTP: GET /scalar/scalar.js'
2026-06-16 16:12:03.819 +05:30 [INF] HTTP GET /scalar/scalar.js responded 200 in 411.7283 ms
2026-06-16 16:12:03.834 +05:30 [INF] Request finished HTTP/2 GET https://localhost:7108/scalar/scalar.js - 200 1039966 text/javascript 593.3562ms
2026-06-16 16:12:04.336 +05:30 [INF] Request starting HTTP/2 GET https://localhost:7108/openapi/v1.json - null null
2026-06-16 16:12:04.360 +05:30 [INF] Executing endpoint 'HTTP: GET /openapi/{documentName}.json'
2026-06-16 16:12:04.411 +05:30 [INF] Executed endpoint 'HTTP: GET /openapi/{documentName}.json'
2026-06-16 16:12:04.416 +05:30 [INF] HTTP GET /openapi/v1.json responded 200 in 56.2406 ms
2026-06-16 16:12:04.422 +05:30 [INF] Request finished HTTP/2 GET https://localhost:7108/openapi/v1.json - 200 null application/json;charset=utf-8 86.4418ms
2026-06-16 16:12:05.589 +05:30 [INF] Request starting HTTP/2 GET https://localhost:7108/scalar/favicon.svg - null null
2026-06-16 16:12:05.625 +05:30 [INF] Executing endpoint 'HTTP: GET /scalar/favicon.svg'
2026-06-16 16:12:05.630 +05:30 [INF] Sending file with download name ''.
2026-06-16 16:12:05.638 +05:30 [INF] Executed endpoint 'HTTP: GET /scalar/favicon.svg'
2026-06-16 16:12:05.642 +05:30 [INF] HTTP GET /scalar/favicon.svg responded 200 in 17.9518 ms
2026-06-16 16:12:05.656 +05:30 [INF] Request finished HTTP/2 GET https://localhost:7108/scalar/favicon.svg - 200 533 image/svg+xml 66.6076ms
2026-06-16 16:13:06.503 +05:30 [INF] Request starting HTTP/2 GET https://localhost:7108/scalar/v1 - null null
2026-06-16 16:13:06.520 +05:30 [INF] Executing endpoint 'HTTP: GET /scalar/{documentName?}'
2026-06-16 16:13:06.525 +05:30 [INF] Write content with HTTP Response ContentType of text/html
2026-06-16 16:13:06.528 +05:30 [INF] Executed endpoint 'HTTP: GET /scalar/{documentName?}'
2026-06-16 16:13:06.536 +05:30 [INF] HTTP GET /scalar/v1 responded 200 in 16.5955 ms
2026-06-16 16:13:06.542 +05:30 [INF] Request finished HTTP/2 GET https://localhost:7108/scalar/v1 - 200 null text/html 38.4413ms
2026-06-16 16:13:06.618 +05:30 [INF] Request starting HTTP/2 GET https://localhost:7108/scalar/scalar.aspnetcore.js - null null
2026-06-16 16:13:06.584 +05:30 [INF] Request starting HTTP/2 GET https://localhost:7108/_framework/aspnetcore-browser-refresh.js - null null
2026-06-16 16:13:06.584 +05:30 [INF] Request starting HTTP/2 GET https://localhost:7108/scalar/scalar.js - null null
2026-06-16 16:13:06.624 +05:30 [INF] Request starting HTTP/2 GET https://localhost:7108/_vs/browserLink - null null
2026-06-16 16:13:06.680 +05:30 [INF] CORS policy execution failed.
2026-06-16 16:13:06.692 +05:30 [INF] Request finished HTTP/2 GET https://localhost:7108/_framework/aspnetcore-browser-refresh.js - 200 14943 application/javascript; charset=utf-8 108.0037ms
2026-06-16 16:13:06.744 +05:30 [INF] Request origin https://localhost:7108 does not have permission to access the resource.
2026-06-16 16:13:06.710 +05:30 [INF] Executing endpoint 'HTTP: GET /scalar/scalar.js'
2026-06-16 16:13:06.849 +05:30 [INF] Request finished HTTP/2 GET https://localhost:7108/_vs/browserLink - 200 null text/javascript; charset=UTF-8 225.0766ms
2026-06-16 16:13:06.851 +05:30 [INF] Executing endpoint 'HTTP: GET /scalar/scalar.aspnetcore.js'
2026-06-16 16:13:06.854 +05:30 [INF] Sending file with download name ''.
2026-06-16 16:13:06.870 +05:30 [INF] Sending file with download name ''.
2026-06-16 16:13:06.876 +05:30 [INF] Executed endpoint 'HTTP: GET /scalar/scalar.js'
2026-06-16 16:13:06.878 +05:30 [INF] Executed endpoint 'HTTP: GET /scalar/scalar.aspnetcore.js'
2026-06-16 16:13:06.881 +05:30 [INF] HTTP GET /scalar/scalar.js responded 304 in 171.7329 ms
2026-06-16 16:13:06.884 +05:30 [INF] HTTP GET /scalar/scalar.aspnetcore.js responded 304 in 204.6234 ms
2026-06-16 16:13:06.893 +05:30 [INF] Request finished HTTP/2 GET https://localhost:7108/scalar/scalar.js - 304 null null 309.0009ms
2026-06-16 16:13:06.900 +05:30 [INF] Request finished HTTP/2 GET https://localhost:7108/scalar/scalar.aspnetcore.js - 304 null null 310.3477ms
2026-06-16 16:13:07.597 +05:30 [INF] Request starting HTTP/2 GET https://localhost:7108/openapi/v1.json - null null
2026-06-16 16:13:07.622 +05:30 [INF] Executing endpoint 'HTTP: GET /openapi/{documentName}.json'
2026-06-16 16:13:07.663 +05:30 [INF] Executed endpoint 'HTTP: GET /openapi/{documentName}.json'
2026-06-16 16:13:07.681 +05:30 [INF] HTTP GET /openapi/v1.json responded 200 in 60.0284 ms
2026-06-16 16:13:07.698 +05:30 [INF] Request finished HTTP/2 GET https://localhost:7108/openapi/v1.json - 200 null application/json;charset=utf-8 101.404ms
2026-06-16 16:16:00.149 +05:30 [INF] Request starting HTTP/2 POST https://localhost:7108/api/v1/Auth/register - application/json 171
2026-06-16 16:16:00.167 +05:30 [INF] CORS policy execution failed.
2026-06-16 16:16:00.170 +05:30 [INF] Request origin https://localhost:7108 does not have permission to access the resource.
2026-06-16 16:16:00.174 +05:30 [INF] Executing endpoint 'AssetManagement.API.Controllers.AuthController.Register (AssetManagement.API)'
2026-06-16 16:16:00.328 +05:30 [INF] Route matched with {action = "Register", controller = "Auth"}. Executing controller action with signature System.Threading.Tasks.Task`1[Microsoft.AspNetCore.Mvc.IActionResult] Register(AssetManagement.Core.DTOs.RegisterDTO) on controller AssetManagement.API.Controllers.AuthController (AssetManagement.API).
2026-06-16 16:16:06.056 +05:30 [INF] Executed DbCommand (241ms) [Parameters=[@registerDTO_Email='?' (Size = 4000)], CommandType='"Text"', CommandTimeout='30']
SELECT TOP(1) [u].[UserId], [u].[Address], [u].[ContactNumber], [u].[CreatedAt], [u].[Email], [u].[Gender], [u].[Name], [u].[PasswordHash], [u].[Role]
FROM [Users] AS [u]
WHERE [u].[Email] = @registerDTO_Email
2026-06-16 16:16:07.622 +05:30 [INF] Executed DbCommand (68ms) [Parameters=[@p0='?' (Size = 4000), @p1='?' (Size = 4000), @p2='?' (DbType = DateTime2), @p3='?' (Size = 4000), @p4='?' (Size = 4000), @p5='?' (Size = 4000), @p6='?' (Size = 4000), @p7='?' (Size = 4000)], CommandType='"Text"', CommandTimeout='30']
SET IMPLICIT_TRANSACTIONS OFF;
SET NOCOUNT ON;
INSERT INTO [Users] ([Address], [ContactNumber], [CreatedAt], [Email], [Gender], [Name], [PasswordHash], [Role])
OUTPUT INSERTED.[UserId]
VALUES (@p0, @p1, @p2, @p3, @p4, @p5, @p6, @p7);
2026-06-16 16:16:07.756 +05:30 [INF] Executing OkObjectResult, writing value of type '<>f__AnonymousType0`2[[System.String, System.Private.CoreLib, Version=10.0.0.0, Culture=neutral, PublicKeyToken=7cec85d7bea7798e],[AssetManagement.Core.DTOs.AuthResponseDTO, AssetManagement.Core, Version=1.0.0.0, Culture=neutral, PublicKeyToken=null]]'.
2026-06-16 16:16:07.789 +05:30 [INF] Executed action AssetManagement.API.Controllers.AuthController.Register (AssetManagement.API) in 7445.2525ms
2026-06-16 16:16:07.801 +05:30 [INF] Executed endpoint 'AssetManagement.API.Controllers.AuthController.Register (AssetManagement.API)'
2026-06-16 16:16:07.813 +05:30 [INF] HTTP POST /api/v1/Auth/register responded 200 in 7647.0173 ms
2026-06-16 16:16:07.854 +05:30 [INF] Request finished HTTP/2 POST https://localhost:7108/api/v1/Auth/register - 200 null application/json; charset=utf-8 7704.4986ms
2026-06-16 16:21:15.767 +05:30 [INF] Request starting HTTP/2 POST https://localhost:7108/api/v1/Auth/login - application/json 60
2026-06-16 16:21:15.817 +05:30 [INF] CORS policy execution failed.
2026-06-16 16:21:15.821 +05:30 [INF] Request origin https://localhost:7108 does not have permission to access the resource.
2026-06-16 16:21:15.829 +05:30 [INF] Executing endpoint 'AssetManagement.API.Controllers.AuthController.Login (AssetManagement.API)'
2026-06-16 16:21:15.860 +05:30 [INF] Route matched with {action = "Login", controller = "Auth"}. Executing controller action with signature System.Threading.Tasks.Task`1[Microsoft.AspNetCore.Mvc.IActionResult] Login(AssetManagement.Core.DTOs.LoginDTO) on controller AssetManagement.API.Controllers.AuthController (AssetManagement.API).
2026-06-16 16:21:15.985 +05:30 [INF] Executed DbCommand (30ms) [Parameters=[@loginDTO_Email='?' (Size = 4000)], CommandType='"Text"', CommandTimeout='30']
SELECT TOP(1) [u].[UserId], [u].[Address], [u].[ContactNumber], [u].[CreatedAt], [u].[Email], [u].[Gender], [u].[Name], [u].[PasswordHash], [u].[Role]
FROM [Users] AS [u]
WHERE [u].[Email] = @loginDTO_Email
2026-06-16 16:21:16.750 +05:30 [INF] Executed DbCommand (5ms) [Parameters=[@loginDTO_Email='?' (Size = 4000)], CommandType='"Text"', CommandTimeout='30']
SELECT TOP(1) [u].[UserId], [u].[Address], [u].[ContactNumber], [u].[CreatedAt], [u].[Email], [u].[Gender], [u].[Name], [u].[PasswordHash], [u].[Role]
FROM [Users] AS [u]
WHERE [u].[Email] = @loginDTO_Email
2026-06-16 16:21:16.907 +05:30 [INF] Executing OkObjectResult, writing value of type '<>f__AnonymousType0`2[[System.String, System.Private.CoreLib, Version=10.0.0.0, Culture=neutral, PublicKeyToken=7cec85d7bea7798e],[AssetManagement.Core.DTOs.AuthResponseDTO, AssetManagement.Core, Version=1.0.0.0, Culture=neutral, PublicKeyToken=null]]'.
2026-06-16 16:21:16.914 +05:30 [INF] Executed action AssetManagement.API.Controllers.AuthController.Login (AssetManagement.API) in 1049.2571ms
2026-06-16 16:21:16.926 +05:30 [INF] Executed endpoint 'AssetManagement.API.Controllers.AuthController.Login (AssetManagement.API)'
2026-06-16 16:21:16.933 +05:30 [INF] HTTP POST /api/v1/Auth/login responded 200 in 1115.7323 ms
2026-06-16 16:21:16.939 +05:30 [INF] Request finished HTTP/2 POST https://localhost:7108/api/v1/Auth/login - 200 null application/json; charset=utf-8 1172.1214ms
