2026-06-13 10:57:04.748 +05:30 [WRN] No store type was specified for the decimal property 'AssetValue' on entity type 'Asset'. This will cause values to be silently truncated if they do not fit in the default precision and scale. Explicitly specify the SQL server column type that can accommodate all the values in 'OnModelCreating' using 'HasColumnType', specify precision and scale using 'HasPrecision', or configure a value converter using 'HasConversion'.
2026-06-13 11:03:41.292 +05:30 [INF] Executed DbCommand (3,415ms) [Parameters=[], CommandType='"Text"', CommandTimeout='60']
CREATE DATABASE [AssetManagementDB];
2026-06-13 11:03:42.877 +05:30 [INF] Executed DbCommand (1,488ms) [Parameters=[], CommandType='"Text"', CommandTimeout='60']
IF SERVERPROPERTY('EngineEdition') <> 5
BEGIN
    ALTER DATABASE [AssetManagementDB] SET READ_COMMITTED_SNAPSHOT ON;
END;
2026-06-13 11:03:43.009 +05:30 [INF] Executed DbCommand (32ms) [Parameters=[], CommandType='"Text"', CommandTimeout='30']
SELECT 1
2026-06-13 11:03:43.018 +05:30 [INF] Acquiring an exclusive lock for migration application. See https://aka.ms/efcore-docs-migrations-lock for more information if this takes too long.
2026-06-13 11:03:43.303 +05:30 [INF] Executed DbCommand (278ms) [Parameters=[], CommandType='"Text"', CommandTimeout='30']
DECLARE @result int;
EXEC @result = sp_getapplock @Resource = '__EFMigrationsLock', @LockOwner = 'Session', @LockMode = 'Exclusive';
SELECT @result
2026-06-13 11:03:43.511 +05:30 [INF] Executed DbCommand (64ms) [Parameters=[], CommandType='"Text"', CommandTimeout='30']
IF OBJECT_ID(N'[__EFMigrationsHistory]') IS NULL
BEGIN
    CREATE TABLE [__EFMigrationsHistory] (
        [MigrationId] nvarchar(150) NOT NULL,
        [ProductVersion] nvarchar(32) NOT NULL,
        CONSTRAINT [PK___EFMigrationsHistory] PRIMARY KEY ([MigrationId])
    );
END;
2026-06-13 11:03:43.554 +05:30 [INF] Executed DbCommand (3ms) [Parameters=[], CommandType='"Text"', CommandTimeout='30']
SELECT 1
2026-06-13 11:03:43.560 +05:30 [INF] Executed DbCommand (5ms) [Parameters=[], CommandType='"Text"', CommandTimeout='30']
SELECT OBJECT_ID(N'[__EFMigrationsHistory]');
2026-06-13 11:03:43.677 +05:30 [INF] Executed DbCommand (111ms) [Parameters=[], CommandType='"Text"', CommandTimeout='30']
SELECT [MigrationId], [ProductVersion]
FROM [__EFMigrationsHistory]
ORDER BY [MigrationId];
2026-06-13 11:03:43.704 +05:30 [INF] Applying migration '20260613053038_InitialCreate'.
2026-06-13 11:03:43.959 +05:30 [INF] Executed DbCommand (103ms) [Parameters=[], CommandType='"Text"', CommandTimeout='30']
CREATE TABLE [AssetCategories] (
    [CategoryId] int NOT NULL IDENTITY,
    [CategoryName] nvarchar(max) NOT NULL,
    CONSTRAINT [PK_AssetCategories] PRIMARY KEY ([CategoryId])
);
2026-06-13 11:03:43.990 +05:30 [INF] Executed DbCommand (30ms) [Parameters=[], CommandType='"Text"', CommandTimeout='30']
CREATE TABLE [Users] (
    [UserId] int NOT NULL IDENTITY,
    [Name] nvarchar(max) NOT NULL,
    [Email] nvarchar(max) NOT NULL,
    [PasswordHash] nvarchar(max) NOT NULL,
    [Role] nvarchar(max) NOT NULL,
    [Gender] nvarchar(max) NOT NULL,
    [ContactNumber] nvarchar(max) NOT NULL,
    [Address] nvarchar(max) NOT NULL,
    [CreatedAt] datetime2 NOT NULL,
    CONSTRAINT [PK_Users] PRIMARY KEY ([UserId])
);
2026-06-13 11:03:44.147 +05:30 [INF] Executed DbCommand (157ms) [Parameters=[], CommandType='"Text"', CommandTimeout='30']
CREATE TABLE [Assets] (
    [AssetId] int NOT NULL IDENTITY,
    [AssetNo] nvarchar(max) NOT NULL,
    [AssetName] nvarchar(max) NOT NULL,
    [AssetModel] nvarchar(max) NOT NULL,
    [ManufacturingDate] datetime2 NOT NULL,
    [ExpiryDate] datetime2 NOT NULL,
    [AssetValue] decimal(18,2) NOT NULL,
    [Status] nvarchar(max) NOT NULL,
    [CategoryId] int NOT NULL,
    CONSTRAINT [PK_Assets] PRIMARY KEY ([AssetId]),
    CONSTRAINT [FK_Assets_AssetCategories_CategoryId] FOREIGN KEY ([CategoryId]) REFERENCES [AssetCategories] ([CategoryId]) ON DELETE CASCADE
);
2026-06-13 11:03:44.199 +05:30 [INF] Executed DbCommand (51ms) [Parameters=[], CommandType='"Text"', CommandTimeout='30']
CREATE TABLE [AssetAllocations] (
    [AllocationId] int NOT NULL IDENTITY,
    [AllocatedDate] datetime2 NOT NULL,
    [ReturnedDate] datetime2 NULL,
    [Status] nvarchar(max) NOT NULL,
    [AssetId] int NOT NULL,
    [UserId] int NOT NULL,
    CONSTRAINT [PK_AssetAllocations] PRIMARY KEY ([AllocationId]),
    CONSTRAINT [FK_AssetAllocations_Assets_AssetId] FOREIGN KEY ([AssetId]) REFERENCES [Assets] ([AssetId]) ON DELETE CASCADE,
    CONSTRAINT [FK_AssetAllocations_Users_UserId] FOREIGN KEY ([UserId]) REFERENCES [Users] ([UserId]) ON DELETE CASCADE
);
2026-06-13 11:03:44.219 +05:30 [INF] Executed DbCommand (20ms) [Parameters=[], CommandType='"Text"', CommandTimeout='30']
CREATE TABLE [AuditRequests] (
    [AuditId] int NOT NULL IDENTITY,
    [Status] nvarchar(max) NOT NULL,
    [SentAt] datetime2 NOT NULL,
    [RespondedAt] datetime2 NULL,
    [UserId] int NOT NULL,
    [AssetId] int NOT NULL,
    CONSTRAINT [PK_AuditRequests] PRIMARY KEY ([AuditId]),
    CONSTRAINT [FK_AuditRequests_Assets_AssetId] FOREIGN KEY ([AssetId]) REFERENCES [Assets] ([AssetId]) ON DELETE CASCADE,
    CONSTRAINT [FK_AuditRequests_Users_UserId] FOREIGN KEY ([UserId]) REFERENCES [Users] ([UserId]) ON DELETE CASCADE
);
2026-06-13 11:03:44.238 +05:30 [INF] Executed DbCommand (19ms) [Parameters=[], CommandType='"Text"', CommandTimeout='30']
CREATE TABLE [ServiceRequests] (
    [ServiceId] int NOT NULL IDENTITY,
    [AssetNo] nvarchar(max) NOT NULL,
    [Description] nvarchar(max) NOT NULL,
    [IssueType] nvarchar(max) NOT NULL,
    [Status] nvarchar(max) NOT NULL,
    [CreatedAt] datetime2 NOT NULL,
    [AssetId] int NOT NULL,
    [UserId] int NOT NULL,
    CONSTRAINT [PK_ServiceRequests] PRIMARY KEY ([ServiceId]),
    CONSTRAINT [FK_ServiceRequests_Assets_AssetId] FOREIGN KEY ([AssetId]) REFERENCES [Assets] ([AssetId]) ON DELETE CASCADE,
    CONSTRAINT [FK_ServiceRequests_Users_UserId] FOREIGN KEY ([UserId]) REFERENCES [Users] ([UserId]) ON DELETE CASCADE
);
2026-06-13 11:03:45.168 +05:30 [INF] Executed DbCommand (929ms) [Parameters=[], CommandType='"Text"', CommandTimeout='30']
IF EXISTS (SELECT * FROM [sys].[identity_columns] WHERE [name] IN (N'CategoryId', N'CategoryName') AND [object_id] = OBJECT_ID(N'[AssetCategories]'))
    SET IDENTITY_INSERT [AssetCategories] ON;
INSERT INTO [AssetCategories] ([CategoryId], [CategoryName])
VALUES (1, N'Laptop'),
(2, N'Furniture'),
(3, N'Car'),
(4, N'Gadgets');
IF EXISTS (SELECT * FROM [sys].[identity_columns] WHERE [name] IN (N'CategoryId', N'CategoryName') AND [object_id] = OBJECT_ID(N'[AssetCategories]'))
    SET IDENTITY_INSERT [AssetCategories] OFF;
2026-06-13 11:03:45.232 +05:30 [INF] Executed DbCommand (63ms) [Parameters=[], CommandType='"Text"', CommandTimeout='30']
CREATE INDEX [IX_AssetAllocations_AssetId] ON [AssetAllocations] ([AssetId]);
2026-06-13 11:03:45.241 +05:30 [INF] Executed DbCommand (8ms) [Parameters=[], CommandType='"Text"', CommandTimeout='30']
CREATE INDEX [IX_AssetAllocations_UserId] ON [AssetAllocations] ([UserId]);
2026-06-13 11:03:45.246 +05:30 [INF] Executed DbCommand (4ms) [Parameters=[], CommandType='"Text"', CommandTimeout='30']
CREATE INDEX [IX_Assets_CategoryId] ON [Assets] ([CategoryId]);
2026-06-13 11:03:45.249 +05:30 [INF] Executed DbCommand (3ms) [Parameters=[], CommandType='"Text"', CommandTimeout='30']
CREATE INDEX [IX_AuditRequests_AssetId] ON [AuditRequests] ([AssetId]);
2026-06-13 11:03:45.253 +05:30 [INF] Executed DbCommand (3ms) [Parameters=[], CommandType='"Text"', CommandTimeout='30']
CREATE INDEX [IX_AuditRequests_UserId] ON [AuditRequests] ([UserId]);
2026-06-13 11:03:45.261 +05:30 [INF] Executed DbCommand (8ms) [Parameters=[], CommandType='"Text"', CommandTimeout='30']
CREATE INDEX [IX_ServiceRequests_AssetId] ON [ServiceRequests] ([AssetId]);
2026-06-13 11:03:45.265 +05:30 [INF] Executed DbCommand (4ms) [Parameters=[], CommandType='"Text"', CommandTimeout='30']
CREATE INDEX [IX_ServiceRequests_UserId] ON [ServiceRequests] ([UserId]);
2026-06-13 11:03:45.302 +05:30 [INF] Executed DbCommand (35ms) [Parameters=[], CommandType='"Text"', CommandTimeout='30']
INSERT INTO [__EFMigrationsHistory] ([MigrationId], [ProductVersion])
VALUES (N'20260613053038_InitialCreate', N'10.0.0');
2026-06-13 11:03:45.350 +05:30 [INF] Executed DbCommand (32ms) [Parameters=[], CommandType='"Text"', CommandTimeout='30']
DECLARE @result int;
EXEC @result = sp_releaseapplock @Resource = '__EFMigrationsLock', @LockOwner = 'Session';
SELECT @result
